<?xml version="1.0" encoding="UTF-8"?>
<testng-results ignored="0" total="2" passed="2" failed="0" skipped="0">
  <reporter-output>
  </reporter-output>
  <suite started-at="2022-08-09T21:10:15 IST" name="Surefire suite" finished-at="2022-08-09T21:10:22 IST" duration-ms="6505">
    <groups>
    </groups>
    <test started-at="2022-08-09T21:10:15 IST" name="Surefire test" finished-at="2022-08-09T21:10:22 IST" duration-ms="6505">
      <class name="com.mycompany.app.my_selenium_app.NewTest">
        <test-method signature="f()[pri:0, instance:com.mycompany.app.my_selenium_app.NewTest@3c87521]" started-at="2022-08-09T21:10:15 IST" name="f" finished-at="2022-08-09T21:10:15 IST" duration-ms="6" status="PASS">
          <reporter-output>
          </reporter-output>
        </test-method> <!-- f -->
        <test-method signature="launchchrome()[pri:0, instance:com.mycompany.app.my_selenium_app.NewTest@3c87521]" started-at="2022-08-09T21:10:15 IST" name="launchchrome" finished-at="2022-08-09T21:10:22 IST" duration-ms="6447" status="PASS">
          <reporter-output>
          </reporter-output>
        </test-method> <!-- launchchrome -->
      </class> <!-- com.mycompany.app.my_selenium_app.NewTest -->
    </test> <!-- Surefire test -->
  </suite> <!-- Surefire suite -->
</testng-results>
