<?xml version="1.0" encoding="UTF-8"?>
<testng-results ignored="0" total="2" passed="2" failed="0" skipped="0">
  <reporter-output>
  </reporter-output>
  <suite started-at="2022-08-09T19:09:06 IST" name="Default suite" finished-at="2022-08-09T19:09:15 IST" duration-ms="9011">
    <groups>
    </groups>
    <test started-at="2022-08-09T19:09:06 IST" name="Default test" finished-at="2022-08-09T19:09:15 IST" duration-ms="9011">
      <class name="com.mycompany.app.my_selenium_app.NewTest">
        <test-method signature="f()[pri:0, instance:com.mycompany.app.my_selenium_app.NewTest@44ebcd03]" started-at="2022-08-09T19:09:06 IST" name="f" finished-at="2022-08-09T19:09:06 IST" duration-ms="25" status="PASS">
          <reporter-output>
          </reporter-output>
        </test-method> <!-- f -->
        <test-method signature="launchchrome()[pri:0, instance:com.mycompany.app.my_selenium_app.NewTest@44ebcd03]" started-at="2022-08-09T19:09:06 IST" name="launchchrome" finished-at="2022-08-09T19:09:15 IST" duration-ms="8913" status="PASS">
          <reporter-output>
          </reporter-output>
        </test-method> <!-- launchchrome -->
      </class> <!-- com.mycompany.app.my_selenium_app.NewTest -->
    </test> <!-- Default test -->
  </suite> <!-- Default suite -->
</testng-results>
